
=== Wed Oct 28 21:17:26 2020

Packages were changed.
Update Mode: updateDependencies

The following packages were added:
  com.unity.2d.sprite@1.0.0
  com.unity.2d.tilemap@1.0.0
  com.unity.ide.rider@1.1.4
  com.unity.ide.vscode@1.2.2
  com.unity.modules.androidjni@1.0.0
  com.unity.multiplayer-hlapi@1.0.6
  com.unity.test-framework@1.1.18
  com.unity.timeline@1.2.6
  com.unity.ugui@1.0.0
  com.unity.xr.legacyinputhelpers@2.1.4
The following packages were updated:
  com.unity.analytics from version 3.2.2 to 3.3.5
  com.unity.purchasing from version 2.0.3 to 2.1.1
  com.unity.textmeshpro from version 1.3.0 to 2.0.1
The following packages were removed:
  com.unity.package-manager-ui@2.0.3
